2025-02-05T20:41:40.413+01:00  INFO 6836 --- [ToDoListApp] [restartedMain] c.e.ToDoListApp.TodoListApplication      : Starting TodoListApplication using Java 23.0.1 with PID 6836 (E:\cpu-z_2.08-msi-en\ToDoListApp\target\classes started by ivank in E:\cpu-z_2.08-msi-en\ToDoListApp)
2025-02-05T20:41:40.416+01:00 DEBUG 6836 --- [ToDoListApp] [restartedMain] c.e.ToDoListApp.TodoListApplication      : Running with Spring Boot v3.4.2, Spring v6.2.2
2025-02-05T20:41:40.417+01:00  INFO 6836 --- [ToDoListApp] [restartedMain] c.e.ToDoListApp.TodoListApplication      : No active profile set, falling back to 1 default profile: "default"
2025-02-05T20:41:40.491+01:00  INFO 6836 --- [ToDoListApp] [restartedMain] .e.DevToolsPropertyDefaultsPostProcessor : Devtools property defaults active! Set 'spring.devtools.add-properties' to 'false' to disable
2025-02-05T20:41:40.491+01:00  INFO 6836 --- [ToDoListApp] [restartedMain] .e.DevToolsPropertyDefaultsPostProcessor : For additional web related logging consider setting the 'logging.level.web' property to 'DEBUG'
2025-02-05T20:41:41.242+01:00  INFO 6836 --- [ToDoListApp] [restartedMain] o.s.b.w.embedded.tomcat.TomcatWebServer  : Tomcat initialized with port 8080 (http)
2025-02-05T20:41:41.253+01:00  INFO 6836 --- [ToDoListApp] [restartedMain] o.apache.catalina.core.StandardService   : Starting service [Tomcat]
2025-02-05T20:41:41.254+01:00  INFO 6836 --- [ToDoListApp] [restartedMain] o.apache.catalina.core.StandardEngine    : Starting Servlet engine: [Apache Tomcat/10.1.34]
2025-02-05T20:41:41.284+01:00  INFO 6836 --- [ToDoListApp] [restartedMain] o.a.c.c.C.[Tomcat].[localhost].[/]       : Initializing Spring embedded WebApplicationContext
2025-02-05T20:41:41.284+01:00  INFO 6836 --- [ToDoListApp] [restartedMain] w.s.c.ServletWebServerApplicationContext : Root WebApplicationContext: initialization completed in 793 ms
2025-02-05T20:41:41.369+01:00  INFO 6836 --- [ToDoListApp] [restartedMain] o.s.b.a.w.s.WelcomePageHandlerMapping    : Adding welcome page template: index
2025-02-05T20:41:41.588+01:00  INFO 6836 --- [ToDoListApp] [restartedMain] o.s.b.d.a.OptionalLiveReloadServer       : LiveReload server is running on port 35729
2025-02-05T20:41:41.617+01:00  INFO 6836 --- [ToDoListApp] [restartedMain] o.s.b.w.embedded.tomcat.TomcatWebServer  : Tomcat started on port 8080 (http) with context path '/'
2025-02-05T20:41:41.625+01:00  INFO 6836 --- [ToDoListApp] [restartedMain] c.e.ToDoListApp.TodoListApplication      : Started TodoListApplication in 1.623 seconds (process running for 2.112)
2025-02-05T20:41:42.096+01:00  INFO 6836 --- [ToDoListApp] [SpringApplicationShutdownHook] o.s.b.w.e.tomcat.GracefulShutdown        : Commencing graceful shutdown. Waiting for active requests to complete
2025-02-05T20:41:42.100+01:00  INFO 6836 --- [ToDoListApp] [tomcat-shutdown] o.s.b.w.e.tomcat.GracefulShutdown        : Graceful shutdown complete
2025-02-05T20:50:09.641+01:00  INFO 17404 --- [ToDoListApp] [restartedMain] c.e.ToDoListApp.TodoListApplication      : Starting TodoListApplication using Java 23.0.1 with PID 17404 (E:\cpu-z_2.08-msi-en\ToDoListApp\target\classes started by ivank in E:\cpu-z_2.08-msi-en\ToDoListApp)
2025-02-05T20:50:09.643+01:00 DEBUG 17404 --- [ToDoListApp] [restartedMain] c.e.ToDoListApp.TodoListApplication      : Running with Spring Boot v3.4.2, Spring v6.2.2
2025-02-05T20:50:09.644+01:00  INFO 17404 --- [ToDoListApp] [restartedMain] c.e.ToDoListApp.TodoListApplication      : No active profile set, falling back to 1 default profile: "default"
2025-02-05T20:50:09.687+01:00  INFO 17404 --- [ToDoListApp] [restartedMain] .e.DevToolsPropertyDefaultsPostProcessor : Devtools property defaults active! Set 'spring.devtools.add-properties' to 'false' to disable
2025-02-05T20:50:09.687+01:00  INFO 17404 --- [ToDoListApp] [restartedMain] .e.DevToolsPropertyDefaultsPostProcessor : For additional web related logging consider setting the 'logging.level.web' property to 'DEBUG'
2025-02-05T20:50:10.375+01:00  INFO 17404 --- [ToDoListApp] [restartedMain] o.s.b.w.embedded.tomcat.TomcatWebServer  : Tomcat initialized with port 8080 (http)
2025-02-05T20:50:10.387+01:00  INFO 17404 --- [ToDoListApp] [restartedMain] o.apache.catalina.core.StandardService   : Starting service [Tomcat]
2025-02-05T20:50:10.387+01:00  INFO 17404 --- [ToDoListApp] [restartedMain] o.apache.catalina.core.StandardEngine    : Starting Servlet engine: [Apache Tomcat/10.1.34]
2025-02-05T20:50:10.415+01:00  INFO 17404 --- [ToDoListApp] [restartedMain] o.a.c.c.C.[Tomcat].[localhost].[/]       : Initializing Spring embedded WebApplicationContext
2025-02-05T20:50:10.415+01:00  INFO 17404 --- [ToDoListApp] [restartedMain] w.s.c.ServletWebServerApplicationContext : Root WebApplicationContext: initialization completed in 728 ms
2025-02-05T20:50:10.500+01:00  INFO 17404 --- [ToDoListApp] [restartedMain] o.s.b.a.w.s.WelcomePageHandlerMapping    : Adding welcome page template: index
2025-02-05T20:50:10.731+01:00  INFO 17404 --- [ToDoListApp] [restartedMain] o.s.b.d.a.OptionalLiveReloadServer       : LiveReload server is running on port 35729
2025-02-05T20:50:10.760+01:00  INFO 17404 --- [ToDoListApp] [restartedMain] o.s.b.w.embedded.tomcat.TomcatWebServer  : Tomcat started on port 8080 (http) with context path '/'
2025-02-05T20:50:10.768+01:00  INFO 17404 --- [ToDoListApp] [restartedMain] c.e.ToDoListApp.TodoListApplication      : Started TodoListApplication in 1.493 seconds (process running for 1.886)
2025-02-05T20:51:10.405+01:00  INFO 17404 --- [ToDoListApp] [http-nio-8080-exec-2] o.a.c.c.C.[Tomcat].[localhost].[/]       : Initializing Spring DispatcherServlet 'dispatcherServlet'
2025-02-05T20:51:10.405+01:00  INFO 17404 --- [ToDoListApp] [http-nio-8080-exec-2] o.s.web.servlet.DispatcherServlet        : Initializing Servlet 'dispatcherServlet'
2025-02-05T20:51:10.406+01:00  INFO 17404 --- [ToDoListApp] [http-nio-8080-exec-2] o.s.web.servlet.DispatcherServlet        : Completed initialization in 1 ms
2025-02-05T20:51:10.429+01:00  INFO 17404 --- [ToDoListApp] [http-nio-8080-exec-2] c.e.T.controller.TaskController          : Відображено головну сторінку
2025-02-05T20:51:12.492+01:00  INFO 17404 --- [ToDoListApp] [http-nio-8080-exec-3] c.e.T.controller.TaskController          : Відображено форму додавання завдання
2025-02-05T20:51:20.248+01:00  INFO 17404 --- [ToDoListApp] [http-nio-8080-exec-4] c.e.T.controller.TaskController          : Додано нове завдання: Мфтшф
2025-02-05T20:51:20.255+01:00  INFO 17404 --- [ToDoListApp] [http-nio-8080-exec-6] c.e.T.controller.TaskController          : Відображено головну сторінку
2025-02-05T20:51:23.566+01:00  INFO 17404 --- [ToDoListApp] [http-nio-8080-exec-7] c.e.T.controller.TaskController          : Видалено завдання з індексом 0
2025-02-05T20:51:23.572+01:00  INFO 17404 --- [ToDoListApp] [http-nio-8080-exec-5] c.e.T.controller.TaskController          : Відображено головну сторінку
2025-02-05T20:51:25.624+01:00  INFO 17404 --- [ToDoListApp] [http-nio-8080-exec-8] c.e.T.controller.TaskController          : Відображено форму додавання завдання
2025-02-05T20:51:29.264+01:00  INFO 17404 --- [ToDoListApp] [http-nio-8080-exec-9] c.e.T.controller.TaskController          : Додано нове завдання: фів
2025-02-05T20:51:29.270+01:00  INFO 17404 --- [ToDoListApp] [http-nio-8080-exec-10] c.e.T.controller.TaskController          : Відображено головну сторінку
2025-02-05T20:51:30.304+01:00  INFO 17404 --- [ToDoListApp] [http-nio-8080-exec-2] c.e.T.controller.TaskController          : Відображено форму додавання завдання
2025-02-05T20:51:32.163+01:00  INFO 17404 --- [ToDoListApp] [http-nio-8080-exec-1] c.e.T.controller.TaskController          : Додано нове завдання: ввв
2025-02-05T20:51:32.168+01:00  INFO 17404 --- [ToDoListApp] [http-nio-8080-exec-3] c.e.T.controller.TaskController          : Відображено головну сторінку
2025-02-05T20:51:55.982+01:00  INFO 17404 --- [ToDoListApp] [SpringApplicationShutdownHook] o.s.b.w.e.tomcat.GracefulShutdown        : Commencing graceful shutdown. Waiting for active requests to complete
2025-02-05T20:51:55.986+01:00  INFO 17404 --- [ToDoListApp] [tomcat-shutdown] o.s.b.w.e.tomcat.GracefulShutdown        : Graceful shutdown complete
2025-02-05T21:47:53.137+01:00  INFO 10360 --- [ToDoListApp] [restartedMain] c.e.ToDoListApp.TodoListApplication      : Starting TodoListApplication using Java 23.0.1 with PID 10360 (E:\cpu-z_2.08-msi-en\ToDoListApp\target\classes started by ivank in E:\cpu-z_2.08-msi-en\ToDoListApp)
2025-02-05T21:47:53.139+01:00 DEBUG 10360 --- [ToDoListApp] [restartedMain] c.e.ToDoListApp.TodoListApplication      : Running with Spring Boot v3.4.2, Spring v6.2.2
2025-02-05T21:47:53.139+01:00  INFO 10360 --- [ToDoListApp] [restartedMain] c.e.ToDoListApp.TodoListApplication      : No active profile set, falling back to 1 default profile: "default"
2025-02-05T21:47:53.185+01:00  INFO 10360 --- [ToDoListApp] [restartedMain] .e.DevToolsPropertyDefaultsPostProcessor : Devtools property defaults active! Set 'spring.devtools.add-properties' to 'false' to disable
2025-02-05T21:47:53.185+01:00  INFO 10360 --- [ToDoListApp] [restartedMain] .e.DevToolsPropertyDefaultsPostProcessor : For additional web related logging consider setting the 'logging.level.web' property to 'DEBUG'
2025-02-05T21:47:53.830+01:00  INFO 10360 --- [ToDoListApp] [restartedMain] o.s.b.w.embedded.tomcat.TomcatWebServer  : Tomcat initialized with port 8080 (http)
2025-02-05T21:47:53.845+01:00  INFO 10360 --- [ToDoListApp] [restartedMain] o.apache.catalina.core.StandardService   : Starting service [Tomcat]
2025-02-05T21:47:53.846+01:00  INFO 10360 --- [ToDoListApp] [restartedMain] o.apache.catalina.core.StandardEngine    : Starting Servlet engine: [Apache Tomcat/10.1.34]
2025-02-05T21:47:53.884+01:00  INFO 10360 --- [ToDoListApp] [restartedMain] o.a.c.c.C.[Tomcat].[localhost].[/]       : Initializing Spring embedded WebApplicationContext
2025-02-05T21:47:53.884+01:00  INFO 10360 --- [ToDoListApp] [restartedMain] w.s.c.ServletWebServerApplicationContext : Root WebApplicationContext: initialization completed in 698 ms
2025-02-05T21:47:53.975+01:00  INFO 10360 --- [ToDoListApp] [restartedMain] o.s.b.a.w.s.WelcomePageHandlerMapping    : Adding welcome page template: index
2025-02-05T21:47:54.191+01:00  INFO 10360 --- [ToDoListApp] [restartedMain] o.s.b.d.a.OptionalLiveReloadServer       : LiveReload server is running on port 35729
2025-02-05T21:47:54.212+01:00  INFO 10360 --- [ToDoListApp] [restartedMain] o.s.b.w.embedded.tomcat.TomcatWebServer  : Tomcat started on port 8080 (http) with context path '/'
2025-02-05T21:47:54.219+01:00  INFO 10360 --- [ToDoListApp] [restartedMain] c.e.ToDoListApp.TodoListApplication      : Started TodoListApplication in 1.416 seconds (process running for 1.746)
2025-02-05T21:47:54.269+01:00  INFO 10360 --- [ToDoListApp] [http-nio-8080-exec-1] o.a.c.c.C.[Tomcat].[localhost].[/]       : Initializing Spring DispatcherServlet 'dispatcherServlet'
2025-02-05T21:47:54.269+01:00  INFO 10360 --- [ToDoListApp] [http-nio-8080-exec-1] o.s.web.servlet.DispatcherServlet        : Initializing Servlet 'dispatcherServlet'
2025-02-05T21:47:54.270+01:00  INFO 10360 --- [ToDoListApp] [http-nio-8080-exec-1] o.s.web.servlet.DispatcherServlet        : Completed initialization in 1 ms
2025-02-05T21:47:54.298+01:00  INFO 10360 --- [ToDoListApp] [http-nio-8080-exec-1] c.e.T.controller.TaskController          : Home page displayed
2025-02-05T21:47:58.209+01:00  INFO 10360 --- [ToDoListApp] [http-nio-8080-exec-2] c.e.T.controller.TaskController          : The task add form is displayed.
2025-02-05T21:48:03.993+01:00  INFO 10360 --- [ToDoListApp] [http-nio-8080-exec-3] c.e.T.controller.TaskController          : New task added: sss
2025-02-05T21:48:04.000+01:00  INFO 10360 --- [ToDoListApp] [http-nio-8080-exec-4] c.e.T.controller.TaskController          : Home page displayed
2025-02-05T21:48:06.565+01:00  INFO 10360 --- [ToDoListApp] [http-nio-8080-exec-5] c.e.T.controller.TaskController          : Index task deleted 0
2025-02-05T21:48:06.570+01:00  INFO 10360 --- [ToDoListApp] [http-nio-8080-exec-6] c.e.T.controller.TaskController          : Home page displayed
2025-02-05T21:48:08.391+01:00  INFO 10360 --- [ToDoListApp] [SpringApplicationShutdownHook] o.s.b.w.e.tomcat.GracefulShutdown        : Commencing graceful shutdown. Waiting for active requests to complete
2025-02-05T21:48:08.396+01:00  INFO 10360 --- [ToDoListApp] [tomcat-shutdown] o.s.b.w.e.tomcat.GracefulShutdown        : Graceful shutdown complete
2025-02-05T21:50:14.880+01:00  INFO 9948 --- [ToDoListApp] [restartedMain] c.e.ToDoListApp.TodoListApplication      : Starting TodoListApplication using Java 23.0.1 with PID 9948 (E:\cpu-z_2.08-msi-en\ToDoListApp\target\classes started by ivank in E:\cpu-z_2.08-msi-en\ToDoListApp)
2025-02-05T21:50:14.881+01:00 DEBUG 9948 --- [ToDoListApp] [restartedMain] c.e.ToDoListApp.TodoListApplication      : Running with Spring Boot v3.4.2, Spring v6.2.2
2025-02-05T21:50:14.882+01:00  INFO 9948 --- [ToDoListApp] [restartedMain] c.e.ToDoListApp.TodoListApplication      : No active profile set, falling back to 1 default profile: "default"
2025-02-05T21:50:14.932+01:00  INFO 9948 --- [ToDoListApp] [restartedMain] .e.DevToolsPropertyDefaultsPostProcessor : Devtools property defaults active! Set 'spring.devtools.add-properties' to 'false' to disable
2025-02-05T21:50:14.932+01:00  INFO 9948 --- [ToDoListApp] [restartedMain] .e.DevToolsPropertyDefaultsPostProcessor : For additional web related logging consider setting the 'logging.level.web' property to 'DEBUG'
2025-02-05T21:50:15.608+01:00  INFO 9948 --- [ToDoListApp] [restartedMain] o.s.b.w.embedded.tomcat.TomcatWebServer  : Tomcat initialized with port 8080 (http)
2025-02-05T21:50:15.619+01:00  INFO 9948 --- [ToDoListApp] [restartedMain] o.apache.catalina.core.StandardService   : Starting service [Tomcat]
2025-02-05T21:50:15.619+01:00  INFO 9948 --- [ToDoListApp] [restartedMain] o.apache.catalina.core.StandardEngine    : Starting Servlet engine: [Apache Tomcat/10.1.34]
2025-02-05T21:50:15.646+01:00  INFO 9948 --- [ToDoListApp] [restartedMain] o.a.c.c.C.[Tomcat].[localhost].[/]       : Initializing Spring embedded WebApplicationContext
2025-02-05T21:50:15.646+01:00  INFO 9948 --- [ToDoListApp] [restartedMain] w.s.c.ServletWebServerApplicationContext : Root WebApplicationContext: initialization completed in 714 ms
2025-02-05T21:50:15.729+01:00  INFO 9948 --- [ToDoListApp] [restartedMain] o.s.b.a.w.s.WelcomePageHandlerMapping    : Adding welcome page template: index
2025-02-05T21:50:15.914+01:00  INFO 9948 --- [ToDoListApp] [restartedMain] o.s.b.d.a.OptionalLiveReloadServer       : LiveReload server is running on port 35729
2025-02-05T21:50:15.937+01:00  INFO 9948 --- [ToDoListApp] [restartedMain] o.s.b.w.embedded.tomcat.TomcatWebServer  : Tomcat started on port 8080 (http) with context path '/'
2025-02-05T21:50:15.944+01:00  INFO 9948 --- [ToDoListApp] [restartedMain] c.e.ToDoListApp.TodoListApplication      : Started TodoListApplication in 1.479 seconds (process running for 1.827)
2025-02-05T21:50:16.045+01:00  INFO 9948 --- [ToDoListApp] [http-nio-8080-exec-1] o.a.c.c.C.[Tomcat].[localhost].[/]       : Initializing Spring DispatcherServlet 'dispatcherServlet'
2025-02-05T21:50:16.046+01:00  INFO 9948 --- [ToDoListApp] [http-nio-8080-exec-1] o.s.web.servlet.DispatcherServlet        : Initializing Servlet 'dispatcherServlet'
2025-02-05T21:50:16.046+01:00  INFO 9948 --- [ToDoListApp] [http-nio-8080-exec-1] o.s.web.servlet.DispatcherServlet        : Completed initialization in 0 ms
2025-02-05T21:50:16.069+01:00  INFO 9948 --- [ToDoListApp] [http-nio-8080-exec-1] c.e.T.controller.TaskController          : Home page displayed
2025-02-05T21:50:28.965+01:00  INFO 9948 --- [ToDoListApp] [http-nio-8080-exec-2] c.e.T.controller.TaskController          : Home page displayed
2025-02-05T21:50:30.543+01:00  INFO 9948 --- [ToDoListApp] [http-nio-8080-exec-3] c.e.T.controller.TaskController          : The task add form is displayed.
2025-02-05T21:50:41.467+01:00  INFO 9948 --- [ToDoListApp] [SpringApplicationShutdownHook] o.s.b.w.e.tomcat.GracefulShutdown        : Commencing graceful shutdown. Waiting for active requests to complete
2025-02-05T21:50:41.470+01:00  INFO 9948 --- [ToDoListApp] [tomcat-shutdown] o.s.b.w.e.tomcat.GracefulShutdown        : Graceful shutdown complete
2025-02-05T21:52:17.106+01:00  INFO 20540 --- [ToDoListApp] [restartedMain] c.e.ToDoListApp.TodoListApplication      : Starting TodoListApplication using Java 23.0.1 with PID 20540 (E:\cpu-z_2.08-msi-en\ToDoListApp\target\classes started by ivank in E:\cpu-z_2.08-msi-en\ToDoListApp)
2025-02-05T21:52:17.108+01:00 DEBUG 20540 --- [ToDoListApp] [restartedMain] c.e.ToDoListApp.TodoListApplication      : Running with Spring Boot v3.4.2, Spring v6.2.2
2025-02-05T21:52:17.109+01:00  INFO 20540 --- [ToDoListApp] [restartedMain] c.e.ToDoListApp.TodoListApplication      : No active profile set, falling back to 1 default profile: "default"
2025-02-05T21:52:17.149+01:00  INFO 20540 --- [ToDoListApp] [restartedMain] .e.DevToolsPropertyDefaultsPostProcessor : Devtools property defaults active! Set 'spring.devtools.add-properties' to 'false' to disable
2025-02-05T21:52:17.150+01:00  INFO 20540 --- [ToDoListApp] [restartedMain] .e.DevToolsPropertyDefaultsPostProcessor : For additional web related logging consider setting the 'logging.level.web' property to 'DEBUG'
2025-02-05T21:52:17.817+01:00  INFO 20540 --- [ToDoListApp] [restartedMain] o.s.b.w.embedded.tomcat.TomcatWebServer  : Tomcat initialized with port 8080 (http)
2025-02-05T21:52:17.827+01:00  INFO 20540 --- [ToDoListApp] [restartedMain] o.apache.catalina.core.StandardService   : Starting service [Tomcat]
2025-02-05T21:52:17.828+01:00  INFO 20540 --- [ToDoListApp] [restartedMain] o.apache.catalina.core.StandardEngine    : Starting Servlet engine: [Apache Tomcat/10.1.34]
2025-02-05T21:52:17.854+01:00  INFO 20540 --- [ToDoListApp] [restartedMain] o.a.c.c.C.[Tomcat].[localhost].[/]       : Initializing Spring embedded WebApplicationContext
2025-02-05T21:52:17.854+01:00  INFO 20540 --- [ToDoListApp] [restartedMain] w.s.c.ServletWebServerApplicationContext : Root WebApplicationContext: initialization completed in 704 ms
2025-02-05T21:52:17.933+01:00  INFO 20540 --- [ToDoListApp] [restartedMain] o.s.b.a.w.s.WelcomePageHandlerMapping    : Adding welcome page template: index
2025-02-05T21:52:18.118+01:00  INFO 20540 --- [ToDoListApp] [restartedMain] o.s.b.d.a.OptionalLiveReloadServer       : LiveReload server is running on port 35729
2025-02-05T21:52:18.142+01:00  INFO 20540 --- [ToDoListApp] [restartedMain] o.s.b.w.embedded.tomcat.TomcatWebServer  : Tomcat started on port 8080 (http) with context path '/'
2025-02-05T21:52:18.149+01:00  INFO 20540 --- [ToDoListApp] [restartedMain] c.e.ToDoListApp.TodoListApplication      : Started TodoListApplication in 1.398 seconds (process running for 1.703)
2025-02-05T21:52:19.021+01:00  INFO 20540 --- [ToDoListApp] [http-nio-8080-exec-1] o.a.c.c.C.[Tomcat].[localhost].[/]       : Initializing Spring DispatcherServlet 'dispatcherServlet'
2025-02-05T21:52:19.022+01:00  INFO 20540 --- [ToDoListApp] [http-nio-8080-exec-1] o.s.web.servlet.DispatcherServlet        : Initializing Servlet 'dispatcherServlet'
2025-02-05T21:52:19.022+01:00  INFO 20540 --- [ToDoListApp] [http-nio-8080-exec-1] o.s.web.servlet.DispatcherServlet        : Completed initialization in 0 ms
2025-02-05T21:52:19.043+01:00  INFO 20540 --- [ToDoListApp] [http-nio-8080-exec-1] c.e.T.controller.TaskController          : The task add form is displayed.
2025-02-05T21:52:21.225+01:00  INFO 20540 --- [ToDoListApp] [http-nio-8080-exec-2] c.e.T.controller.TaskController          : The task add form is displayed.
2025-02-05T21:52:22.148+01:00  INFO 20540 --- [ToDoListApp] [http-nio-8080-exec-3] c.e.T.controller.TaskController          : Home page displayed
2025-02-05T21:52:23.964+01:00  INFO 20540 --- [ToDoListApp] [http-nio-8080-exec-4] c.e.T.controller.TaskController          : The task add form is displayed.
2025-02-05T21:52:36.739+01:00  INFO 20540 --- [ToDoListApp] [http-nio-8080-exec-5] c.e.T.controller.TaskController          : New task added: task 1
2025-02-05T21:52:36.746+01:00  INFO 20540 --- [ToDoListApp] [http-nio-8080-exec-6] c.e.T.controller.TaskController          : Home page displayed
2025-02-05T21:52:40.950+01:00  INFO 20540 --- [ToDoListApp] [http-nio-8080-exec-7] c.e.T.controller.TaskController          : Index task deleted 0
2025-02-05T21:52:40.960+01:00  INFO 20540 --- [ToDoListApp] [http-nio-8080-exec-8] c.e.T.controller.TaskController          : Home page displayed
2025-02-05T21:52:49.368+01:00  INFO 20540 --- [ToDoListApp] [SpringApplicationShutdownHook] o.s.b.w.e.tomcat.GracefulShutdown        : Commencing graceful shutdown. Waiting for active requests to complete
2025-02-05T21:52:49.373+01:00  INFO 20540 --- [ToDoListApp] [tomcat-shutdown] o.s.b.w.e.tomcat.GracefulShutdown        : Graceful shutdown complete
